@!@!@STARTMSG 2262:0 @!@!@
TLC2 Version 2.08 of 21 December 2015
@!@!@ENDMSG 2262 @!@!@
@!@!@STARTMSG 2187:0 @!@!@
Running in Model-Checking mode.
@!@!@ENDMSG 2187 @!@!@
@!@!@STARTMSG 2220:0 @!@!@
Starting SANY...
@!@!@ENDMSG 2220 @!@!@
Parsing file MC.tla
Parsing file crackers7a.tla
Parsing file C:\work\tla\toolbox-latest\plugins\org.lamport.tlatools_1.0.0.201512230951\tla2sany\StandardModules\TLC.tla
Parsing file C:\work\tla\toolbox-latest\plugins\org.lamport.tlatools_1.0.0.201512230951\tla2sany\StandardModules\Naturals.tla
Parsing file C:\work\tla\toolbox-latest\plugins\org.lamport.tlatools_1.0.0.201512230951\tla2sany\StandardModules\FiniteSets.tla
Parsing file C:\work\tla\toolbox-latest\plugins\org.lamport.tlatools_1.0.0.201512230951\tla2sany\StandardModules\Sequences.tla
Semantic processing of module Naturals
Semantic processing of module Sequences
Semantic processing of module FiniteSets
Semantic processing of module crackers7a
Semantic processing of module TLC
Semantic processing of module MC
@!@!@STARTMSG 2219:0 @!@!@
SANY finished.
@!@!@ENDMSG 2219 @!@!@
@!@!@STARTMSG 2185:0 @!@!@
Starting... (2016-04-22 22:17:45)
@!@!@ENDMSG 2185 @!@!@
@!@!@STARTMSG 2189:0 @!@!@
Computing initial states...
@!@!@ENDMSG 2189 @!@!@
@!@!@STARTMSG 2190:0 @!@!@
Finished computing initial states: 1 distinct state generated.
@!@!@ENDMSG 2190 @!@!@
@!@!@STARTMSG 2193:0 @!@!@
Model checking completed. No error has been found.
  Estimates of the probability that TLC did not check all reachable states
  because two distinct states had the same fingerprint:
  calculated (optimistic):  val = 8.3E-14
  based on the actual fingerprints:  val = 1.2E-12
@!@!@ENDMSG 2193 @!@!@
@!@!@STARTMSG 2201:0 @!@!@
The coverage statistics at 2016-04-22 22:17:45
@!@!@ENDMSG 2201 @!@!@
@!@!@STARTMSG 2221:0 @!@!@
  line 24, col 20 to line 24, col 73 of module crackers7a: 1398
@!@!@ENDMSG 2221 @!@!@
@!@!@STARTMSG 2221:0 @!@!@
  line 25, col 30 to line 25, col 34 of module crackers7a: 1398
@!@!@ENDMSG 2221 @!@!@
@!@!@STARTMSG 2221:0 @!@!@
  line 30, col 21 to line 30, col 68 of module crackers7a: 576
@!@!@ENDMSG 2221 @!@!@
@!@!@STARTMSG 2221:0 @!@!@
  line 31, col 31 to line 31, col 37 of module crackers7a: 576
@!@!@ENDMSG 2221 @!@!@
@!@!@STARTMSG 2221:0 @!@!@
  line 35, col 19 to line 35, col 55 of module crackers7a: 220
@!@!@ENDMSG 2221 @!@!@
@!@!@STARTMSG 2221:0 @!@!@
  line 36, col 29 to line 36, col 33 of module crackers7a: 220
@!@!@ENDMSG 2221 @!@!@
@!@!@STARTMSG 2221:0 @!@!@
  line 40, col 20 to line 40, col 64 of module crackers7a: 330
@!@!@ENDMSG 2221 @!@!@
@!@!@STARTMSG 2221:0 @!@!@
  line 41, col 30 to line 41, col 36 of module crackers7a: 330
@!@!@ENDMSG 2221 @!@!@
@!@!@STARTMSG 2221:0 @!@!@
  line 47, col 29 to line 47, col 74 of module crackers7a: 330
@!@!@ENDMSG 2221 @!@!@
@!@!@STARTMSG 2221:0 @!@!@
  line 48, col 39 to line 48, col 45 of module crackers7a: 330
@!@!@ENDMSG 2221 @!@!@
@!@!@STARTMSG 2202:0 @!@!@
End of statistics.
@!@!@ENDMSG 2202 @!@!@
@!@!@STARTMSG 2200:0 @!@!@
Progress(11) at 2016-04-22 22:17:45: 2855 states generated (267,238 s/min), 720 distinct states found (67,394 ds/min), 0 states left on queue.
@!@!@ENDMSG 2200 @!@!@
@!@!@STARTMSG 2199:0 @!@!@
2855 states generated, 720 distinct states found, 0 states left on queue.
@!@!@ENDMSG 2199 @!@!@
@!@!@STARTMSG 2194:0 @!@!@
The depth of the complete state graph search is 11.
@!@!@ENDMSG 2194 @!@!@
@!@!@STARTMSG 2186:0 @!@!@
Finished in 00s at (2016-04-22 22:17:45)
@!@!@ENDMSG 2186 @!@!@
