@!@!@STARTMSG 2262:0 @!@!@
TLC2 Version 2.08 of 21 December 2015
@!@!@ENDMSG 2262 @!@!@
@!@!@STARTMSG 2187:0 @!@!@
Running in Model-Checking mode.
@!@!@ENDMSG 2187 @!@!@
@!@!@STARTMSG 2220:0 @!@!@
Starting SANY...
@!@!@ENDMSG 2220 @!@!@
Parsing file MC.tla
Parsing file crackers7.tla
Parsing file C:\work\tla\toolbox-1.5.0\plugins\org.lamport.tlatools_1.0.0.201512230951\tla2sany\StandardModules\TLC.tla
Parsing file C:\work\tla\toolbox-1.5.0\plugins\org.lamport.tlatools_1.0.0.201512230951\tla2sany\StandardModules\Naturals.tla
Parsing file C:\work\tla\toolbox-1.5.0\plugins\org.lamport.tlatools_1.0.0.201512230951\tla2sany\StandardModules\FiniteSets.tla
Parsing file C:\work\tla\toolbox-1.5.0\plugins\org.lamport.tlatools_1.0.0.201512230951\tla2sany\StandardModules\Sequences.tla
Semantic processing of module Naturals
Semantic processing of module Sequences
Semantic processing of module FiniteSets
Semantic processing of module crackers7
Semantic processing of module TLC
Semantic processing of module MC
@!@!@STARTMSG 2219:0 @!@!@
SANY finished.
@!@!@ENDMSG 2219 @!@!@
@!@!@STARTMSG 2185:0 @!@!@
Starting... (2016-04-18 21:56:28)
@!@!@ENDMSG 2185 @!@!@
@!@!@STARTMSG 2189:0 @!@!@
Computing initial states...
@!@!@ENDMSG 2189 @!@!@
@!@!@STARTMSG 2190:0 @!@!@
Finished computing initial states: 1 distinct state generated.
@!@!@ENDMSG 2190 @!@!@
@!@!@STARTMSG 2114:1 @!@!@
Deadlock reached.
@!@!@ENDMSG 2114 @!@!@
@!@!@STARTMSG 2121:1 @!@!@
The behavior up to this point is:
@!@!@ENDMSG 2121 @!@!@
@!@!@STARTMSG 2217:4 @!@!@
1: <Initial predicate>
/\ desires = (Wallace :> {} @@ Gromit :> {})
/\ holds = (Wallace :> {} @@ Gromit :> {})

@!@!@ENDMSG 2217 @!@!@
@!@!@STARTMSG 2217:4 @!@!@
2: <Action line 21, col 14 to line 25, col 34 of module crackers7>
/\ desires = (Wallace :> {crackers} @@ Gromit :> {})
/\ holds = (Wallace :> {} @@ Gromit :> {})

@!@!@ENDMSG 2217 @!@!@
@!@!@STARTMSG 2217:4 @!@!@
3: <Action line 21, col 14 to line 25, col 34 of module crackers7>
/\ desires = (Wallace :> {crackers, cheese} @@ Gromit :> {})
/\ holds = (Wallace :> {} @@ Gromit :> {})

@!@!@ENDMSG 2217 @!@!@
@!@!@STARTMSG 2217:4 @!@!@
4: <Action line 21, col 14 to line 25, col 34 of module crackers7>
/\ desires = (Wallace :> {crackers, cheese, tea} @@ Gromit :> {})
/\ holds = (Wallace :> {} @@ Gromit :> {})

@!@!@ENDMSG 2217 @!@!@
@!@!@STARTMSG 2217:4 @!@!@
5: <Action line 27, col 15 to line 31, col 37 of module crackers7>
/\ desires = (Wallace :> {crackers, cheese, tea} @@ Gromit :> {})
/\ holds = (Wallace :> {tea} @@ Gromit :> {})

@!@!@ENDMSG 2217 @!@!@
@!@!@STARTMSG 2217:4 @!@!@
6: <Action line 21, col 14 to line 25, col 34 of module crackers7>
/\ desires = (Wallace :> {crackers, cheese, tea} @@ Gromit :> {crackers})
/\ holds = (Wallace :> {tea} @@ Gromit :> {})

@!@!@ENDMSG 2217 @!@!@
@!@!@STARTMSG 2217:4 @!@!@
7: <Action line 21, col 14 to line 25, col 34 of module crackers7>
/\ desires = (Wallace :> {crackers, cheese, tea} @@ Gromit :> {crackers, cheese})
/\ holds = (Wallace :> {tea} @@ Gromit :> {})

@!@!@ENDMSG 2217 @!@!@
@!@!@STARTMSG 2217:4 @!@!@
8: <Action line 27, col 15 to line 31, col 37 of module crackers7>
/\ desires = (Wallace :> {crackers, cheese, tea} @@ Gromit :> {crackers, cheese})
/\ holds = (Wallace :> {tea} @@ Gromit :> {cheese})

@!@!@ENDMSG 2217 @!@!@
@!@!@STARTMSG 2217:4 @!@!@
9: <Action line 21, col 14 to line 25, col 34 of module crackers7>
/\ desires = (Wallace :> {crackers, cheese, tea} @@ Gromit :> {crackers, cheese, tea})
/\ holds = (Wallace :> {tea} @@ Gromit :> {cheese})

@!@!@ENDMSG 2217 @!@!@
@!@!@STARTMSG 2201:0 @!@!@
The coverage statistics at 2016-04-18 21:56:29
@!@!@ENDMSG 2201 @!@!@
@!@!@STARTMSG 2221:0 @!@!@
  line 24, col 20 to line 24, col 73 of module crackers7: 1353
@!@!@ENDMSG 2221 @!@!@
@!@!@STARTMSG 2221:0 @!@!@
  line 25, col 30 to line 25, col 34 of module crackers7: 1353
@!@!@ENDMSG 2221 @!@!@
@!@!@STARTMSG 2221:0 @!@!@
  line 30, col 21 to line 30, col 68 of module crackers7: 567
@!@!@ENDMSG 2221 @!@!@
@!@!@STARTMSG 2221:0 @!@!@
  line 31, col 31 to line 31, col 37 of module crackers7: 567
@!@!@ENDMSG 2221 @!@!@
@!@!@STARTMSG 2221:0 @!@!@
  line 35, col 19 to line 35, col 55 of module crackers7: 210
@!@!@ENDMSG 2221 @!@!@
@!@!@STARTMSG 2221:0 @!@!@
  line 36, col 29 to line 36, col 33 of module crackers7: 210
@!@!@ENDMSG 2221 @!@!@
@!@!@STARTMSG 2221:0 @!@!@
  line 40, col 20 to line 40, col 64 of module crackers7: 229
@!@!@ENDMSG 2221 @!@!@
@!@!@STARTMSG 2221:0 @!@!@
  line 41, col 30 to line 41, col 36 of module crackers7: 229
@!@!@ENDMSG 2221 @!@!@
@!@!@STARTMSG 2202:0 @!@!@
End of statistics.
@!@!@ENDMSG 2202 @!@!@
@!@!@STARTMSG 2200:0 @!@!@
Progress(10) at 2016-04-18 21:56:29: 2360 states generated (238,785 s/min), 706 distinct states found (71,433 ds/min), 61 states left on queue.
@!@!@ENDMSG 2200 @!@!@
@!@!@STARTMSG 2199:0 @!@!@
2360 states generated, 706 distinct states found, 61 states left on queue.
@!@!@ENDMSG 2199 @!@!@
@!@!@STARTMSG 2194:0 @!@!@
The depth of the complete state graph search is 10.
@!@!@ENDMSG 2194 @!@!@
@!@!@STARTMSG 2186:0 @!@!@
Finished in 00s at (2016-04-18 21:56:29)
@!@!@ENDMSG 2186 @!@!@
