@!@!@STARTMSG 2262:0 @!@!@
TLC2 Version 2.08 of 21 December 2015
@!@!@ENDMSG 2262 @!@!@
@!@!@STARTMSG 2187:0 @!@!@
Running in Model-Checking mode.
@!@!@ENDMSG 2187 @!@!@
@!@!@STARTMSG 2220:0 @!@!@
Starting SANY...
@!@!@ENDMSG 2220 @!@!@
Parsing file MC.tla
Parsing file crackers4.tla
Parsing file C:\work\tla\toolbox-1.5.0\plugins\org.lamport.tlatools_1.0.0.201512230951\tla2sany\StandardModules\TLC.tla
Parsing file C:\work\tla\toolbox-1.5.0\plugins\org.lamport.tlatools_1.0.0.201512230951\tla2sany\StandardModules\Naturals.tla
Parsing file C:\work\tla\toolbox-1.5.0\plugins\org.lamport.tlatools_1.0.0.201512230951\tla2sany\StandardModules\Sequences.tla
Semantic processing of module crackers4
Semantic processing of module Naturals
Semantic processing of module Sequences
Semantic processing of module TLC
Semantic processing of module MC
@!@!@STARTMSG 2219:0 @!@!@
SANY finished.
@!@!@ENDMSG 2219 @!@!@
@!@!@STARTMSG 2185:0 @!@!@
Starting... (2016-04-18 21:47:27)
@!@!@ENDMSG 2185 @!@!@
@!@!@STARTMSG 2189:0 @!@!@
Computing initial states...
@!@!@ENDMSG 2189 @!@!@
@!@!@STARTMSG 2190:0 @!@!@
Finished computing initial states: 1 distinct state generated.
@!@!@ENDMSG 2190 @!@!@
@!@!@STARTMSG 2110:1 @!@!@
Invariant inv_146101244661542000 is violated.
@!@!@ENDMSG 2110 @!@!@
@!@!@STARTMSG 2121:1 @!@!@
The behavior up to this point is:
@!@!@ENDMSG 2121 @!@!@
@!@!@STARTMSG 2217:4 @!@!@
1: <Initial predicate>
/\ desires = (Wallace :> {} @@ Gromit :> {})
/\ holds = (Wallace :> {} @@ Gromit :> {})

@!@!@ENDMSG 2217 @!@!@
@!@!@STARTMSG 2217:4 @!@!@
2: <Action line 9, col 14 to line 12, col 34 of module crackers4>
/\ desires = (Wallace :> {crackers} @@ Gromit :> {})
/\ holds = (Wallace :> {} @@ Gromit :> {})

@!@!@ENDMSG 2217 @!@!@
@!@!@STARTMSG 2217:4 @!@!@
3: <Action line 14, col 15 to line 17, col 37 of module crackers4>
/\ desires = (Wallace :> {crackers} @@ Gromit :> {})
/\ holds = (Wallace :> {crackers} @@ Gromit :> {})

@!@!@ENDMSG 2217 @!@!@
@!@!@STARTMSG 2217:4 @!@!@
4: <Action line 19, col 16 to line 22, col 33 of module crackers4>
/\ desires = (Wallace :> {} @@ Gromit :> {})
/\ holds = (Wallace :> {crackers} @@ Gromit :> {})

@!@!@ENDMSG 2217 @!@!@
@!@!@STARTMSG 2217:4 @!@!@
5: <Action line 9, col 14 to line 12, col 34 of module crackers4>
/\ desires = (Wallace :> {cheese} @@ Gromit :> {})
/\ holds = (Wallace :> {crackers} @@ Gromit :> {})

@!@!@ENDMSG 2217 @!@!@
@!@!@STARTMSG 2201:0 @!@!@
The coverage statistics at 2016-04-18 21:47:27
@!@!@ENDMSG 2201 @!@!@
@!@!@STARTMSG 2221:0 @!@!@
  line 11, col 20 to line 11, col 57 of module crackers4: 32
@!@!@ENDMSG 2221 @!@!@
@!@!@STARTMSG 2221:0 @!@!@
  line 12, col 30 to line 12, col 34 of module crackers4: 32
@!@!@ENDMSG 2221 @!@!@
@!@!@STARTMSG 2221:0 @!@!@
  line 16, col 21 to line 16, col 68 of module crackers4: 12
@!@!@ENDMSG 2221 @!@!@
@!@!@STARTMSG 2221:0 @!@!@
  line 17, col 31 to line 17, col 37 of module crackers4: 12
@!@!@ENDMSG 2221 @!@!@
@!@!@STARTMSG 2221:0 @!@!@
  line 21, col 19 to line 21, col 55 of module crackers4: 2
@!@!@ENDMSG 2221 @!@!@
@!@!@STARTMSG 2221:0 @!@!@
  line 22, col 29 to line 22, col 33 of module crackers4: 2
@!@!@ENDMSG 2221 @!@!@
@!@!@STARTMSG 2221:0 @!@!@
  line 26, col 20 to line 26, col 64 of module crackers4: 0
@!@!@ENDMSG 2221 @!@!@
@!@!@STARTMSG 2221:0 @!@!@
  line 27, col 30 to line 27, col 36 of module crackers4: 0
@!@!@ENDMSG 2221 @!@!@
@!@!@STARTMSG 2202:0 @!@!@
End of statistics.
@!@!@ENDMSG 2202 @!@!@
@!@!@STARTMSG 2200:0 @!@!@
Progress(3) at 2016-04-18 21:47:27: 48 states generated (6,357 s/min), 34 distinct states found (4,503 ds/min), 20 states left on queue.
@!@!@ENDMSG 2200 @!@!@
@!@!@STARTMSG 2199:0 @!@!@
48 states generated, 34 distinct states found, 20 states left on queue.
@!@!@ENDMSG 2199 @!@!@
@!@!@STARTMSG 2194:0 @!@!@
The depth of the complete state graph search is 3.
@!@!@ENDMSG 2194 @!@!@
@!@!@STARTMSG 2186:0 @!@!@
Finished in 00s at (2016-04-18 21:47:27)
@!@!@ENDMSG 2186 @!@!@
